Welcome to Xilinx CORE Generator.
Help system initialized.
The IP Catalog has been reloaded.
Opening project file
/home/terka/Documents/Studia/VHDL-GPU/KG/ipcore_dir/coregen.cgp.
Recustomize and Generate (Under Original Project Settings)INFO:sim:172 - Generating IP...
WARNING:sim - A core named 'frame_buffer_memory' already exists in the project.
   Output products for this core may be overwritten.
Resolving generics for 'frame_buffer_memory'...
WARNING:sim - A core named 'frame_buffer_memory' already exists in the project.
   Output products for this core may be overwritten.
Applying external generics to 'frame_buffer_memory'...
Delivering associated files for 'frame_buffer_memory'...
Delivering EJava files for 'frame_buffer_memory'...
Generating implementation netlist for 'frame_buffer_memory'...
INFO:sim - Pre-processing HDL files for 'frame_buffer_memory'...
Running synthesis for 'frame_buffer_memory'
Running ngcbuild...
Writing VHO instantiation template for 'frame_buffer_memory'...
Writing VHDL behavioral simulation model for 'frame_buffer_memory'...
WARNING:sim - Overwriting existing file
   /home/terka/Documents/Studia/VHDL-GPU/KG/ipcore_dir/tmp/_cg/frame_buffer_memo
   ry/doc/blk_mem_gen_v7_3_vinfo.html with file from view xilinx_documentation
Delivered 1 file into directory
/home/terka/Documents/Studia/VHDL-GPU/KG/ipcore_dir/tmp/_cg/frame_buffer_memory
Generating ASY schematic symbol...
INFO:sim:949 - Finished generation of ASY schematic symbol.
Generating metadata file...
Regenerating ISE project file for 'frame_buffer_memory'...
Generating ISE project...
XCO file found: frame_buffer_memory.xco
XMDF file found: frame_buffer_memory_xmdf.tcl
Adding
/home/terka/Documents/Studia/VHDL-GPU/KG/ipcore_dir/tmp/_cg/frame_buffer_memory.
asy -view all -origin_type imported
Adding
/home/terka/Documents/Studia/VHDL-GPU/KG/ipcore_dir/tmp/_cg/frame_buffer_memory.
ngc -view all -origin_type created
Checking file
"/home/terka/Documents/Studia/VHDL-GPU/KG/ipcore_dir/tmp/_cg/frame_buffer_memory
.ngc" for project device match ...
File
"/home/terka/Documents/Studia/VHDL-GPU/KG/ipcore_dir/tmp/_cg/frame_buffer_memory
.ngc" device information matches project device.
Adding
/home/terka/Documents/Studia/VHDL-GPU/KG/ipcore_dir/tmp/_cg/frame_buffer_memory.
vhd -view all -origin_type created
INFO:HDLCompiler:1061 - Parsing VHDL file
   "/home/terka/Documents/Studia/VHDL-GPU/KG/ipcore_dir/tmp/_cg/frame_buffer_mem
   ory.vhd" into library work
INFO:ProjectMgmt - Parsing design hierarchy completed successfully.
Adding
/home/terka/Documents/Studia/VHDL-GPU/KG/ipcore_dir/tmp/_cg/frame_buffer_memory.
vho -view all -origin_type imported
INFO:TclTasksC:2116 - The automatic calculation of top has been turned-off.
   Please set the new top explicitly by running the "project set top" command.
   To re-calculate the new top automatically, set the "Auto Implementation Top"
   property to true.
Top level has been set to "/frame_buffer_memory"
Generating README file...
Generating FLIST file...
INFO:sim:948 - Finished FLIST file generation.
Launching README viewer...
Moving files to output directory...
Finished moving files to output directory
Saved CGP file for project 'coregen'.
Closed project file.
